<?xml version="1.0" encoding="UTF-8"?>
<!-- Generated by org.testng.reporters.JUnitXMLReporter -->
<testsuite ignored="0" hostname="chikkk-lappy" failures="0" tests="2" name="FirefoxTest" time="44.988" errors="0" timestamp="18 Dec 2021 20:21:09 GMT">
  <testcase classname="com.kotresh.demo.sele_demo.mytests.LoginTest_TC1" name="VerifyLoginPage" time="13.359"/>
  <testcase classname="com.kotresh.demo.sele_demo.mytests.LoginTest_TC1" name="CheckHttpRequest" time="0.638"/>
</testsuite> <!-- FirefoxTest -->
