<?xml version="1.0" encoding="UTF-8"?>
<!-- Generated by org.testng.reporters.JUnitXMLReporter -->
<testsuite ignored="0" hostname="chikkk-lappy" failures="0" tests="1" name="Test" time="0.073" errors="0" timestamp="18 Dec 2021 12:35:47 GMT">
  <testcase classname="com.kotresh.demo.sele_demo.mytests.LoginTest_TC1" name="@BeforeTest setup" time="0.021">
    <failure type="java.lang.NullPointerException">
      <![CDATA[java.lang.NullPointerException
	at com.kotresh.demo.sele_demo.DriversRoom.DriverMethods.initBrowser(DriverMethods.java:33)
	at com.kotresh.demo.sele_demo.mytests.LoginTest_TC1.setup(LoginTest_TC1.java:44)
... Removed 23 stack frames]]>
    </failure>
  </testcase> <!-- @BeforeTest setup -->
  <testcase classname="com.kotresh.demo.sele_demo.mytests.LoginTest_TC1" name="@AfterTest setDown" time="0.0">
    <skipped/>
  </testcase> <!-- @AfterTest setDown -->
  <testcase classname="com.kotresh.demo.sele_demo.mytests.LoginTest_TC1" name="VerifyLoginPage" time="0.0">
    <skipped/>
  </testcase> <!-- VerifyLoginPage -->
</testsuite> <!-- Test -->
