<?xml version="1.0" encoding="UTF-8"?>
<testng-results ignored="0" total="6" passed="6" failed="0" skipped="0">
  <reporter-output>
    <line>
      <![CDATA[Total Execution Time 34.0 seconds.]]>
    </line>
    <line>
      <![CDATA[Total Execution Time 33.0 seconds.]]>
    </line>
    <line>
      <![CDATA[Total Execution Time 35.0 seconds.]]>
    </line>
  </reporter-output>
  <suite started-at="2021-12-19T15:25:07Z" name="RegressionTestSuite" finished-at="2021-12-19T15:28:48Z" duration-ms="221019">
    <groups>
    </groups>
    <test started-at="2021-12-19T15:25:07Z" name="ChromeTest" finished-at="2021-12-19T15:26:19Z" duration-ms="72823">
      <class name="com.kotresh.demo.sele_demo.mytests.LoginTest_TC1">
        <test-method is-config="true" signature="setup(java.lang.String)[pri:0, instance:com.kotresh.demo.sele_demo.mytests.LoginTest_TC1@33a3c44a]" started-at="2021-12-19T20:55:07Z" name="setup" finished-at="2021-12-19T20:55:45Z" duration-ms="38309" status="PASS">
          <params>
            <param index="0">
              <value>
                <![CDATA[Chrome]]>
              </value>
            </param>
          </params>
          <reporter-output>
          </reporter-output>
        </test-method> <!-- setup -->
        <test-method signature="VerifyLoginPage()[pri:1, instance:com.kotresh.demo.sele_demo.mytests.LoginTest_TC1@33a3c44a]" started-at="2021-12-19T20:55:45Z" name="VerifyLoginPage" description="verifying login functionality" finished-at="2021-12-19T20:56:16Z" duration-ms="30625" status="PASS">
          <reporter-output>
          </reporter-output>
        </test-method> <!-- VerifyLoginPage -->
        <test-method signature="CheckHttpRequest()[pri:2, instance:com.kotresh.demo.sele_demo.mytests.LoginTest_TC1@33a3c44a]" started-at="2021-12-19T20:56:16Z" name="CheckHttpRequest" description="verifying link status" finished-at="2021-12-19T20:56:18Z" duration-ms="2094" status="PASS">
          <reporter-output>
          </reporter-output>
        </test-method> <!-- CheckHttpRequest -->
        <test-method is-config="true" signature="setDown()[pri:0, instance:com.kotresh.demo.sele_demo.mytests.LoginTest_TC1@33a3c44a]" started-at="2021-12-19T20:56:18Z" name="setDown" finished-at="2021-12-19T20:56:19Z" duration-ms="1238" status="PASS">
          <reporter-output>
            <line>
              <![CDATA[Total Execution Time 34.0 seconds.]]>
            </line>
          </reporter-output>
        </test-method> <!-- setDown -->
      </class> <!-- com.kotresh.demo.sele_demo.mytests.LoginTest_TC1 -->
    </test> <!-- ChromeTest -->
    <test started-at="2021-12-19T15:26:21Z" name="FirefoxTest" finished-at="2021-12-19T15:27:26Z" duration-ms="64862">
      <class name="com.kotresh.demo.sele_demo.mytests.LoginTest_TC1">
        <test-method is-config="true" signature="setup(java.lang.String)[pri:0, instance:com.kotresh.demo.sele_demo.mytests.LoginTest_TC1@3ae9d1e2]" started-at="2021-12-19T20:56:21Z" name="setup" finished-at="2021-12-19T20:56:52Z" duration-ms="31515" status="PASS">
          <params>
            <param index="0">
              <value>
                <![CDATA[Firefox]]>
              </value>
            </param>
          </params>
          <reporter-output>
          </reporter-output>
        </test-method> <!-- setup -->
        <test-method signature="VerifyLoginPage()[pri:1, instance:com.kotresh.demo.sele_demo.mytests.LoginTest_TC1@3ae9d1e2]" started-at="2021-12-19T20:56:52Z" name="VerifyLoginPage" description="verifying login functionality" finished-at="2021-12-19T20:57:15Z" duration-ms="22223" status="PASS">
          <reporter-output>
          </reporter-output>
        </test-method> <!-- VerifyLoginPage -->
        <test-method signature="CheckHttpRequest()[pri:2, instance:com.kotresh.demo.sele_demo.mytests.LoginTest_TC1@3ae9d1e2]" started-at="2021-12-19T20:57:15Z" name="CheckHttpRequest" description="verifying link status" finished-at="2021-12-19T20:57:15Z" duration-ms="536" status="PASS">
          <reporter-output>
          </reporter-output>
        </test-method> <!-- CheckHttpRequest -->
        <test-method is-config="true" signature="setDown()[pri:0, instance:com.kotresh.demo.sele_demo.mytests.LoginTest_TC1@3ae9d1e2]" started-at="2021-12-19T20:57:15Z" name="setDown" finished-at="2021-12-19T20:57:26Z" duration-ms="10410" status="PASS">
          <reporter-output>
            <line>
              <![CDATA[Total Execution Time 33.0 seconds.]]>
            </line>
          </reporter-output>
        </test-method> <!-- setDown -->
      </class> <!-- com.kotresh.demo.sele_demo.mytests.LoginTest_TC1 -->
    </test> <!-- FirefoxTest -->
    <test started-at="2021-12-19T15:27:26Z" name="EdgeTest" finished-at="2021-12-19T15:28:48Z" duration-ms="81704">
      <class name="com.kotresh.demo.sele_demo.mytests.LoginTest_TC1">
        <test-method is-config="true" signature="setup(java.lang.String)[pri:0, instance:com.kotresh.demo.sele_demo.mytests.LoginTest_TC1@2e060819]" started-at="2021-12-19T20:57:26Z" name="setup" finished-at="2021-12-19T20:58:12Z" duration-ms="45763" status="PASS">
          <params>
            <param index="0">
              <value>
                <![CDATA[Edge]]>
              </value>
            </param>
          </params>
          <reporter-output>
          </reporter-output>
        </test-method> <!-- setup -->
        <test-method signature="VerifyLoginPage()[pri:1, instance:com.kotresh.demo.sele_demo.mytests.LoginTest_TC1@2e060819]" started-at="2021-12-19T20:58:12Z" name="VerifyLoginPage" description="verifying login functionality" finished-at="2021-12-19T20:58:42Z" duration-ms="29783" status="PASS">
          <reporter-output>
          </reporter-output>
        </test-method> <!-- VerifyLoginPage -->
        <test-method signature="CheckHttpRequest()[pri:2, instance:com.kotresh.demo.sele_demo.mytests.LoginTest_TC1@2e060819]" started-at="2021-12-19T20:58:42Z" name="CheckHttpRequest" description="verifying link status" finished-at="2021-12-19T20:58:46Z" duration-ms="4604" status="PASS">
          <reporter-output>
          </reporter-output>
        </test-method> <!-- CheckHttpRequest -->
        <test-method is-config="true" signature="setDown()[pri:0, instance:com.kotresh.demo.sele_demo.mytests.LoginTest_TC1@2e060819]" started-at="2021-12-19T20:58:46Z" name="setDown" finished-at="2021-12-19T20:58:48Z" duration-ms="1451" status="PASS">
          <reporter-output>
            <line>
              <![CDATA[Total Execution Time 35.0 seconds.]]>
            </line>
          </reporter-output>
        </test-method> <!-- setDown -->
      </class> <!-- com.kotresh.demo.sele_demo.mytests.LoginTest_TC1 -->
    </test> <!-- EdgeTest -->
  </suite> <!-- RegressionTestSuite -->
</testng-results>
