<?xml version="1.0" encoding="UTF-8"?>
<!-- Generated by org.testng.reporters.JUnitXMLReporter -->
<testsuite ignored="0" hostname="chikkk-lappy" failures="0" tests="2" name="FirefoxTest" time="64.862" errors="0" timestamp="19 Dec 2021 15:27:26 GMT">
  <testcase classname="com.kotresh.demo.sele_demo.mytests.LoginTest_TC1" name="VerifyLoginPage" time="22.223"/>
  <testcase classname="com.kotresh.demo.sele_demo.mytests.LoginTest_TC1" name="CheckHttpRequest" time="0.536"/>
</testsuite> <!-- FirefoxTest -->
