<?xml version="1.0" encoding="UTF-8"?>
<!-- Generated by org.testng.reporters.JUnitXMLReporter -->
<testsuite ignored="0" hostname="chikkk-lappy" failures="0" tests="2" name="FirefoxTest" time="59.207" errors="0" timestamp="18 Dec 2021 21:04:32 GMT">
  <testcase classname="com.kotresh.demo.sele_demo.mytests.LoginTest_TC1" name="VerifyLoginPage" time="9.347"/>
  <testcase classname="com.kotresh.demo.sele_demo.mytests.LoginTest_TC1" name="CheckHttpRequest" time="0.587"/>
</testsuite> <!-- FirefoxTest -->
